Arguments: 
  C:\Program Files\nodejs\node.exe C:\Users\黎曦\AppData\Roaming\npm\node_modules\yarn\bin\yarn.js add @tarojs/webpack-runner --silent --no-progress

PATH: 
  C:\Program Files\nodejs\node_modules\npm\node_modules\npm-lifecycle\node-gyp-bin;C:\Users\黎曦\Desktop\开发工具\全部\print-h5\node_modules\.bin;C:\Users\黎曦\AppData\Roaming\npm\node_modules\npm\node_modules\npm-lifecycle\node-gyp-bin;C:\Users\黎曦\Desktop\开发工具\全部\print-h5\node_modules\.bin;C:\Users\黎曦\bin;C:\Program Files\Git\mingw64\bin;C:\Program Files\Git\usr\local\bin;C:\Program Files\Git\usr\bin;C:\Program Files\Git\usr\bin;C:\Program Files\Git\mingw64\bin;C:\Program Files\Git\usr\bin;C:\Users\黎曦\bin;C:\Program Files (x86)\Common Files\Oracle\Java\javapath;C:\WINDOWS\system32;C:\WINDOWS;C:\WINDOWS\System32\Wbem;C:\WINDOWS\System32\WindowsPowerShell\v1.0;C:\WINDOWS\System32\OpenSSH;C:\Program Files\Microsoft VS Code\bin;C:\Program Files\nodejs;C:\Program Files\Git\cmd;C:\Users\黎曦\AppData\Local\Programs\Python\Python37\Scripts;C:\Users\黎曦\AppData\Local\Programs\Python\Python37;C:\Users\黎曦\AppData\Local\Microsoft\WindowsApps;C:\Program Files\Bandizip;C:\Program Files\Microsoft VS Code\bin;C:\Users\黎曦\AppData\Local\GitHubDesktop\bin;D:\Fiddler;D:\PyCharm Community Edition 2018.3.2\bin;C:\Users\黎曦\AppData\Local\Microsoft\WindowsApps;D:\BaiduNetdiskDownload\b\platform-tools;C:\Users\黎曦\AppData\Roaming\npm;C:\Program Files\Microsoft VS Code\bin;C:\Users\黎曦\AppData\Local\Yarn\bin;C:\Program Files\Git\usr\bin\vendor_perl;C:\Program Files\Git\usr\bin\core_perl

Yarn version: 
  1.17.3

Node version: 
  10.15.1

Platform: 
  win32 x64

Trace: 
  Error: EPERM: operation not permitted, mkdir 'C:\Users\黎曦\Desktop\开发工具\全部\print-h5\node_modules\http-errors\node_modules'

npm manifest: 
  {
    "name": "print-h5",
    "version": "1.0.0",
    "private": true,
    "description": "print-h5",
    "templateInfo": {
      "name": "redux",
      "typescript": true,
      "css": "sass"
    },
    "scripts": {
      "build:weapp": "taro build --type weapp",
      "build:swan": "taro build --type swan",
      "build:alipay": "taro build --type alipay",
      "build:tt": "taro build --type tt",
      "build:h5": "taro build --type h5",
      "build:rn": "taro build --type rn",
      "dev:weapp": "npm run build:weapp -- --watch",
      "dev:swan": "npm run build:swan -- --watch",
      "dev:alipay": "npm run build:alipay -- --watch",
      "dev:tt": "npm run build:tt -- --watch",
      "dev:h5": "npm run build:h5 -- --watch",
      "dev:rn": "npm run build:rn -- --watch"
    },
    "author": "",
    "license": "MIT",
    "dependencies": {
      "@tarojs/async-await": "1.3.8",
      "@tarojs/components": "1.3.8",
      "@tarojs/redux": "1.3.8",
      "@tarojs/redux-h5": "1.3.8",
      "@tarojs/router": "1.3.8",
      "@tarojs/taro": "1.3.8",
      "@tarojs/taro-alipay": "1.3.8",
      "@tarojs/taro-h5": "1.3.8",
      "@tarojs/taro-swan": "1.3.8",
      "@tarojs/taro-tt": "1.3.8",
      "@tarojs/taro-weapp": "1.3.8",
      "nerv-devtools": "^1.4.0",
      "nervjs": "^1.4.0",
      "redux": "^4.0.0",
      "redux-logger": "^3.0.6",
      "redux-thunk": "^2.3.0",
      "taro-ui": "^2.2.1"
    },
    "devDependencies": {
      "@types/react": "^16.4.8",
      "@types/webpack-env": "^1.13.6",
      "@tarojs/plugin-babel": "1.3.8",
      "@tarojs/plugin-csso": "1.3.8",
      "@tarojs/plugin-sass": "1.3.8",
      "@tarojs/plugin-uglifyjs": "1.3.8",
      "@tarojs/webpack-runner": "1.3.8",
      "babel-plugin-transform-class-properties": "^6.24.1",
      "babel-plugin-transform-decorators-legacy": "^1.3.4",
      "babel-plugin-transform-jsx-stylesheet": "^0.6.5",
      "babel-plugin-transform-object-rest-spread": "^6.26.0",
      "babel-preset-env": "^1.6.1",
      "babel-eslint": "^8.2.3",
      "eslint": "^5.16.0",
      "eslint-config-taro": "1.3.8",
      "eslint-plugin-react": "^7.8.2",
      "eslint-plugin-import": "^2.12.0",
      "stylelint": "9.3.0",
      "stylelint-config-taro-rn": "1.3.8",
      "stylelint-taro-rn": "1.3.8",
      "eslint-plugin-taro": "1.3.8",
      "@typescript-eslint/parser": "^1.6.0",
      "typescript": "^3.0.1"
    }
  }

yarn manifest: 
  No manifest

Lockfile: 
  No lockfile
